<?xml version="1.0" encoding="UTF-8"?>
<!-- Generated by org.testng.reporters.JUnitXMLReporter -->
<testsuite hostname="DESKTOP-9639S42" ignored="0" name="MultiBrowser" tests="1" failures="1" timestamp="26 Nov 2019 01:01:12 GMT" time="12.174" errors="0">
  <testcase name="loginApp" time="4.806" classname="com.learnautomation.testcases.LoginTestfacebook">
    <failure type="java.lang.AssertionError" message="expected [facebook] but found [(1) Facebook]">
      <![CDATA[java.lang.AssertionError: expected [facebook] but found [(1) Facebook]
at com.learnautomation.testcases.LoginTestfacebook.loginApp(LoginTestfacebook.java:28)
at java.util.concurrent.FutureTask.run(FutureTask.java:266)
at java.util.concurrent.ThreadPoolExecutor.runWorker(ThreadPoolExecutor.java:1149)
at java.util.concurrent.ThreadPoolExecutor$Worker.run(ThreadPoolExecutor.java:624)
at java.lang.Thread.run(Thread.java:748)
... Removed 22 stack frames]]>
    </failure>
  </testcase> <!-- loginApp -->
</testsuite> <!-- MultiBrowser -->
